E:\CIS\BREAKENGINE_TUTORIAL\BREAKENGINETUT_1\BREAKENGINETUT_1\DEBUG\GAME.OBJ
E:\CIS\BREAKENGINE_TUTORIAL\BREAKENGINETUT_1\BREAKENGINETUT_1\DEBUG\MAIN.OBJ
E:\CIS\BREAKENGINE_TUTORIAL\BREAKENGINETUT_1\BREAKENGINETUT_1\DEBUG\VC110.PDB
E:\CIS\BREAKENGINE_TUTORIAL\BREAKENGINETUT_1\DEBUG\BREAKENGINETUT_1.ILK
E:\CIS\BREAKENGINE_TUTORIAL\BREAKENGINETUT_1\DEBUG\BREAKENGINETUT_1.EXE
E:\CIS\BREAKENGINE_TUTORIAL\BREAKENGINETUT_1\DEBUG\BREAKENGINETUT_1.PDB
E:\CIS\BreakEngine_tutorial\BreakEngineTut_1\BreakEngineTut_1\Debug\Game.obj
E:\CIS\BreakEngine_tutorial\BreakEngineTut_1\BreakEngineTut_1\Debug\Main.obj
E:\CIS\BreakEngine_tutorial\BreakEngineTut_1\BreakEngineTut_1\Debug\cl.command.1.tlog
E:\CIS\BreakEngine_tutorial\BreakEngineTut_1\BreakEngineTut_1\Debug\CL.read.1.tlog
E:\CIS\BreakEngine_tutorial\BreakEngineTut_1\BreakEngineTut_1\Debug\CL.write.1.tlog
E:\CIS\BreakEngine_tutorial\BreakEngineTut_1\BreakEngineTut_1\Debug\link-cvtres.read.1.tlog
E:\CIS\BreakEngine_tutorial\BreakEngineTut_1\BreakEngineTut_1\Debug\link-cvtres.write.1.tlog
E:\CIS\BreakEngine_tutorial\BreakEngineTut_1\BreakEngineTut_1\Debug\link-rc.read.1.tlog
E:\CIS\BreakEngine_tutorial\BreakEngineTut_1\BreakEngineTut_1\Debug\link-rc.write.1.tlog
E:\CIS\BreakEngine_tutorial\BreakEngineTut_1\BreakEngineTut_1\Debug\link.3416-cvtres.read.1.tlog
E:\CIS\BreakEngine_tutorial\BreakEngineTut_1\BreakEngineTut_1\Debug\link.3416-cvtres.write.1.tlog
E:\CIS\BreakEngine_tutorial\BreakEngineTut_1\BreakEngineTut_1\Debug\link.3416-rc.read.1.tlog
E:\CIS\BreakEngine_tutorial\BreakEngineTut_1\BreakEngineTut_1\Debug\link.3416-rc.write.1.tlog
E:\CIS\BreakEngine_tutorial\BreakEngineTut_1\BreakEngineTut_1\Debug\link.3416.read.1.tlog
E:\CIS\BreakEngine_tutorial\BreakEngineTut_1\BreakEngineTut_1\Debug\link.3416.write.1.tlog
E:\CIS\BreakEngine_tutorial\BreakEngineTut_1\BreakEngineTut_1\Debug\link.3872-cvtres.read.1.tlog
E:\CIS\BreakEngine_tutorial\BreakEngineTut_1\BreakEngineTut_1\Debug\link.3872-cvtres.write.1.tlog
E:\CIS\BreakEngine_tutorial\BreakEngineTut_1\BreakEngineTut_1\Debug\link.3872-rc.read.1.tlog
E:\CIS\BreakEngine_tutorial\BreakEngineTut_1\BreakEngineTut_1\Debug\link.3872-rc.write.1.tlog
E:\CIS\BreakEngine_tutorial\BreakEngineTut_1\BreakEngineTut_1\Debug\link.3872.read.1.tlog
E:\CIS\BreakEngine_tutorial\BreakEngineTut_1\BreakEngineTut_1\Debug\link.3872.write.1.tlog
E:\CIS\BreakEngine_tutorial\BreakEngineTut_1\BreakEngineTut_1\Debug\link.6084-cvtres.read.1.tlog
E:\CIS\BreakEngine_tutorial\BreakEngineTut_1\BreakEngineTut_1\Debug\link.6084-cvtres.write.1.tlog
E:\CIS\BreakEngine_tutorial\BreakEngineTut_1\BreakEngineTut_1\Debug\link.6084-rc.read.1.tlog
E:\CIS\BreakEngine_tutorial\BreakEngineTut_1\BreakEngineTut_1\Debug\link.6084-rc.write.1.tlog
E:\CIS\BreakEngine_tutorial\BreakEngineTut_1\BreakEngineTut_1\Debug\link.6084.read.1.tlog
E:\CIS\BreakEngine_tutorial\BreakEngineTut_1\BreakEngineTut_1\Debug\link.6084.write.1.tlog
E:\CIS\BreakEngine_tutorial\BreakEngineTut_1\BreakEngineTut_1\Debug\link.6228-cvtres.read.1.tlog
E:\CIS\BreakEngine_tutorial\BreakEngineTut_1\BreakEngineTut_1\Debug\link.6228-cvtres.write.1.tlog
E:\CIS\BreakEngine_tutorial\BreakEngineTut_1\BreakEngineTut_1\Debug\link.6228-rc.read.1.tlog
E:\CIS\BreakEngine_tutorial\BreakEngineTut_1\BreakEngineTut_1\Debug\link.6228-rc.write.1.tlog
E:\CIS\BreakEngine_tutorial\BreakEngineTut_1\BreakEngineTut_1\Debug\link.6228.read.1.tlog
E:\CIS\BreakEngine_tutorial\BreakEngineTut_1\BreakEngineTut_1\Debug\link.6228.write.1.tlog
E:\CIS\BreakEngine_tutorial\BreakEngineTut_1\BreakEngineTut_1\Debug\link.command.1.tlog
E:\CIS\BreakEngine_tutorial\BreakEngineTut_1\BreakEngineTut_1\Debug\link.read.1.tlog
E:\CIS\BreakEngine_tutorial\BreakEngineTut_1\BreakEngineTut_1\Debug\link.write.1.tlog
E:\CIS\BreakEngine_tutorial\BreakEngineTut_1\BreakEngineTut_1\Debug\vc110.idb
E:\CIS\BreakEngine_tutorial\BreakEngineTut_1\BreakEngineTut_1\Debug\vc110.pdb
E:\CIS\BreakEngine_tutorial\BreakEngineTut_1\Debug\BreakEngineTut_1.pdb
E:\CIS\BreakEngine_tutorial\BreakEngineTut_1\Debug\BreakEngineTut_1.exe
E:\CIS\BreakEngine_tutorial\BreakEngineTut_1\Debug\BreakEngineTut_1.ilk
